<?xml version="1.0" encoding="UTF-8"?>
<!-- Generated by org.testng.reporters.JUnitReportReporter -->
<testsuite hostname="PW072290" failures="0" tests="2" name="AddNewPetTest" time="5.263" errors="0" timestamp="21 Mar 2024 10:58:51 GMT" skipped="0">
  <testcase classname="AddNewPetTest" name="checkPositivePosSimplePet" time="3.598"/>
  <testcase classname="AddNewPetTest" name="checkPositivePostFullPet" time="1.665"/>
</testsuite> <!-- AddNewPetTest -->
