<?xml version="1.0" encoding="UTF-8"?>
<!-- Generated by org.testng.reporters.JUnitReportReporter -->
<testsuite hostname="PW072290" failures="0" tests="1" name="CheckExistingPetTest" time="3.324" errors="0" timestamp="21 Mar 2024 10:58:51 GMT" skipped="0">
  <testcase classname="CheckExistingPetTest" name="checkExistingSimplePet" time="3.324"/>
</testsuite> <!-- CheckExistingPetTest -->
